1593063640809	mozrunner::runner	INFO	Running command: "/usr/bin/firefox" "-marionette" "-foreground" "-no-remote" "-profile" "/tmp/rust_mozprofile5thuEO"
1593063645217	Marionette	INFO	Listening on port 36699
1593063645264	Marionette	WARN	TLS certificate errors will be ignored for this session
JavaScript warning: https://nodegoat.herokuapp.com/vendor/jquery.min.js, line 2: Using //@ to indicate sourceMappingURL pragmas is deprecated. Use //# instead
JavaScript warning: https://nodegoat.herokuapp.com/vendor/jquery.min.js, line 2: Using //@ to indicate sourceMappingURL pragmas is deprecated. Use //# instead
1593064216306	mozrunner::runner	INFO	Running command: "/usr/bin/firefox" "-marionette" "-foreground" "-no-remote" "-profile" "/tmp/rust_mozprofilepKv7At"
1593064219731	Marionette	INFO	Listening on port 39749
1593064219799	Marionette	WARN	TLS certificate errors will be ignored for this session
JavaScript warning: https://nodegoat.herokuapp.com/vendor/jquery.min.js, line 2: Using //@ to indicate sourceMappingURL pragmas is deprecated. Use //# instead
JavaScript warning: https://nodegoat.herokuapp.com/vendor/jquery.min.js, line 2: Using //@ to indicate sourceMappingURL pragmas is deprecated. Use //# instead
1593066538821	mozrunner::runner	INFO	Running command: "/usr/bin/firefox" "-marionette" "-foreground" "-no-remote" "-profile" "/tmp/rust_mozprofileKkPKBJ"
1593066542213	Marionette	INFO	Listening on port 39823
1593066542249	Marionette	WARN	TLS certificate errors will be ignored for this session
JavaScript warning: https://nodegoat.herokuapp.com/vendor/jquery.min.js, line 2: Using //@ to indicate sourceMappingURL pragmas is deprecated. Use //# instead
JavaScript warning: https://nodegoat.herokuapp.com/vendor/jquery.min.js, line 2: Using //@ to indicate sourceMappingURL pragmas is deprecated. Use //# instead
1593067005048	mozrunner::runner	INFO	Running command: "/usr/bin/firefox" "-marionette" "-foreground" "-no-remote" "-profile" "/tmp/rust_mozprofileWlGIvG"
1593067008464	Marionette	INFO	Listening on port 33197
1593067008561	Marionette	WARN	TLS certificate errors will be ignored for this session
JavaScript warning: https://nodegoat.herokuapp.com/vendor/jquery.min.js, line 2: Using //@ to indicate sourceMappingURL pragmas is deprecated. Use //# instead
JavaScript warning: https://nodegoat.herokuapp.com/vendor/jquery.min.js, line 2: Using //@ to indicate sourceMappingURL pragmas is deprecated. Use //# instead
1593067498861	mozrunner::runner	INFO	Running command: "/usr/bin/firefox" "-marionette" "-foreground" "-no-remote" "-profile" "/tmp/rust_mozprofilejWYH05"
1593067502179	Marionette	INFO	Listening on port 33105
1593067502225	Marionette	WARN	TLS certificate errors will be ignored for this session
JavaScript warning: https://nodegoat.herokuapp.com/vendor/jquery.min.js, line 2: Using //@ to indicate sourceMappingURL pragmas is deprecated. Use //# instead
JavaScript warning: https://nodegoat.herokuapp.com/vendor/jquery.min.js, line 2: Using //@ to indicate sourceMappingURL pragmas is deprecated. Use //# instead
1593067638654	mozrunner::runner	INFO	Running command: "/usr/bin/firefox" "-marionette" "-foreground" "-no-remote" "-profile" "/tmp/rust_mozprofileFVmR9U"
1593067641942	Marionette	INFO	Listening on port 44809
1593067641974	Marionette	WARN	TLS certificate errors will be ignored for this session
JavaScript warning: https://nodegoat.herokuapp.com/vendor/jquery.min.js, line 2: Using //@ to indicate sourceMappingURL pragmas is deprecated. Use //# instead
JavaScript warning: https://nodegoat.herokuapp.com/vendor/jquery.min.js, line 2: Using //@ to indicate sourceMappingURL pragmas is deprecated. Use //# instead
1593068291843	mozrunner::runner	INFO	Running command: "/usr/bin/firefox" "-marionette" "-foreground" "-no-remote" "-profile" "/tmp/rust_mozprofiletJiUif"
1593068295341	Marionette	INFO	Listening on port 42525
1593068295437	Marionette	WARN	TLS certificate errors will be ignored for this session
JavaScript warning: https://nodegoat.herokuapp.com/vendor/jquery.min.js, line 2: Using //@ to indicate sourceMappingURL pragmas is deprecated. Use //# instead
JavaScript warning: https://nodegoat.herokuapp.com/vendor/jquery.min.js, line 2: Using //@ to indicate sourceMappingURL pragmas is deprecated. Use //# instead
1593068494774	mozrunner::runner	INFO	Running command: "/usr/bin/firefox" "-marionette" "-foreground" "-no-remote" "-profile" "/tmp/rust_mozprofileticLd6"
1593068498122	Marionette	INFO	Listening on port 38301
1593068498192	Marionette	WARN	TLS certificate errors will be ignored for this session
JavaScript warning: https://nodegoat.herokuapp.com/vendor/jquery.min.js, line 2: Using //@ to indicate sourceMappingURL pragmas is deprecated. Use //# instead
JavaScript warning: https://nodegoat.herokuapp.com/vendor/jquery.min.js, line 2: Using //@ to indicate sourceMappingURL pragmas is deprecated. Use //# instead
1593087390544	mozrunner::runner	INFO	Running command: "/usr/bin/firefox" "-marionette" "-foreground" "-no-remote" "-profile" "/tmp/rust_mozprofileYbFWBJ"
1593087393905	Marionette	INFO	Listening on port 43783
1593087393929	Marionette	WARN	TLS certificate errors will be ignored for this session
JavaScript warning: https://nodegoat.herokuapp.com/vendor/jquery.min.js, line 2: Using //@ to indicate sourceMappingURL pragmas is deprecated. Use //# instead
JavaScript warning: https://nodegoat.herokuapp.com/vendor/jquery.min.js, line 2: Using //@ to indicate sourceMappingURL pragmas is deprecated. Use //# instead
1593087535146	mozrunner::runner	INFO	Running command: "/usr/bin/firefox" "-marionette" "-foreground" "-no-remote" "-profile" "/tmp/rust_mozprofileeTOC75"
1593087538483	Marionette	INFO	Listening on port 38897
1593087538566	Marionette	WARN	TLS certificate errors will be ignored for this session
JavaScript warning: https://nodegoat.herokuapp.com/vendor/jquery.min.js, line 2: Using //@ to indicate sourceMappingURL pragmas is deprecated. Use //# instead
JavaScript warning: https://nodegoat.herokuapp.com/vendor/jquery.min.js, line 2: Using //@ to indicate sourceMappingURL pragmas is deprecated. Use //# instead
1593089285642	mozrunner::runner	INFO	Running command: "/usr/bin/firefox" "-marionette" "-foreground" "-no-remote" "-profile" "/tmp/rust_mozprofileEZlwtO"
1593089288933	Marionette	INFO	Listening on port 44997
1593089288964	Marionette	WARN	TLS certificate errors will be ignored for this session
JavaScript warning: https://nodegoat.herokuapp.com/vendor/jquery.min.js, line 2: Using //@ to indicate sourceMappingURL pragmas is deprecated. Use //# instead
JavaScript warning: https://nodegoat.herokuapp.com/vendor/jquery.min.js, line 2: Using //@ to indicate sourceMappingURL pragmas is deprecated. Use //# instead
1593090433404	mozrunner::runner	INFO	Running command: "/usr/bin/firefox" "-marionette" "-foreground" "-no-remote" "-profile" "/tmp/rust_mozprofile6z0WoC"
1593090436879	Marionette	INFO	Listening on port 44953
1593090436926	Marionette	WARN	TLS certificate errors will be ignored for this session
JavaScript warning: https://nodegoat.herokuapp.com/vendor/jquery.min.js, line 2: Using //@ to indicate sourceMappingURL pragmas is deprecated. Use //# instead
JavaScript warning: https://nodegoat.herokuapp.com/vendor/jquery.min.js, line 2: Using //@ to indicate sourceMappingURL pragmas is deprecated. Use //# instead
1593102776984	mozrunner::runner	INFO	Running command: "/usr/bin/firefox" "-marionette" "-foreground" "-no-remote" "-profile" "/tmp/rust_mozprofile1ZRULN"
1593102780580	Marionette	INFO	Listening on port 36459
1593102780607	Marionette	WARN	TLS certificate errors will be ignored for this session
JavaScript warning: https://nodegoat.herokuapp.com/vendor/jquery.min.js, line 2: Using //@ to indicate sourceMappingURL pragmas is deprecated. Use //# instead
JavaScript warning: https://nodegoat.herokuapp.com/vendor/jquery.min.js, line 2: Using //@ to indicate sourceMappingURL pragmas is deprecated. Use //# instead
